<?xml version="1.0" encoding="UTF-8"?>
<!-- Generated by org.testng.reporters.JUnitReportReporter -->
<testsuite skipped="0" hostname="DESKTOP-94GRIOQ" name="com.herokuapp.theinternet.PositiveTests" tests="1" failures="0" timestamp="12 Dec 2020 01:51:31 GMT" time="12.602" errors="0">
  <testcase name="logintest" time="12.602" classname="com.herokuapp.theinternet.PositiveTests"/>
</testsuite> <!-- com.herokuapp.theinternet.PositiveTests -->
