<?xml version="1.0" encoding="UTF-8"?>
<!-- Generated by org.testng.reporters.JUnitReportReporter -->
<testsuite skipped="1" hostname="DESKTOP-94GRIOQ" name="com.herokuapp.theinternet.NegativeTests" tests="2" failures="0" timestamp="12 Dec 2020 07:00:42 GMT" time="10.849" errors="0">
  <testcase name="incorrectPasswordTest" time="10.849" classname="com.herokuapp.theinternet.NegativeTests"/>
  <testcase name="incorrectUsernameTest" classname="com.herokuapp.theinternet.NegativeTests">
    <skipped/>
  </testcase> <!-- incorrectUsernameTest -->
</testsuite> <!-- com.herokuapp.theinternet.NegativeTests -->
